D:\VS2022\MSBuild\Microsoft\VC\v160\Microsoft.CppBuild.targets(1091,5): warning MSB8027: 名为 utils.cpp 的两个或更多文件将生成到同一位置的输出。这会导致错误的生成结果。   调用的文件是 shitmapper\utils.cpp, Utils\Utils.cpp。
  CheatSDK.cpp
C:\Users\Administrator\Desktop\EFT-External-main\EFT-External-main\EftExternal\CheatSDK\CheatSDK.cpp(2913,53): warning C4267: “参数”: 从“size_t”转换到“ULONG”，可能丢失数据
C:\Users\Administrator\Desktop\EFT-External-main\EFT-External-main\EftExternal\CheatSDK\CheatSDK.cpp(3425,42): warning C4244: “参数”: 从“float”转换到“int”，可能丢失数据
C:\Users\Administrator\Desktop\EFT-External-main\EFT-External-main\EftExternal\CheatSDK\CheatSDK.cpp(3425,28): warning C4244: “参数”: 从“float”转换到“int”，可能丢失数据
C:\Users\Administrator\Desktop\EFT-External-main\EFT-External-main\EftExternal\CheatSDK\CheatSDK.cpp(3454,43): warning C4244: “参数”: 从“float”转换到“int”，可能丢失数据
C:\Users\Administrator\Desktop\EFT-External-main\EFT-External-main\EftExternal\CheatSDK\CheatSDK.cpp(3454,29): warning C4244: “参数”: 从“float”转换到“int”，可能丢失数据
C:\Users\Administrator\Desktop\EFT-External-main\EFT-External-main\EftExternal\CheatSDK\CheatSDK.cpp(3461,43): warning C4244: “参数”: 从“float”转换到“int”，可能丢失数据
C:\Users\Administrator\Desktop\EFT-External-main\EFT-External-main\EftExternal\CheatSDK\CheatSDK.cpp(3461,29): warning C4244: “参数”: 从“float”转换到“int”，可能丢失数据
C:\Users\Administrator\Desktop\EFT-External-main\EFT-External-main\EftExternal\CheatSDK\CheatSDK.cpp(3496,64): warning C4244: “参数”: 从“float”转换到“int”，可能丢失数据
C:\Users\Administrator\Desktop\EFT-External-main\EFT-External-main\EftExternal\CheatSDK\CheatSDK.cpp(3496,40): warning C4244: “参数”: 从“float”转换到“int”，可能丢失数据
C:\Users\Administrator\Desktop\EFT-External-main\EFT-External-main\EftExternal\CheatSDK\CheatSDK.cpp(3500,64): warning C4244: “参数”: 从“float”转换到“int”，可能丢失数据
C:\Users\Administrator\Desktop\EFT-External-main\EFT-External-main\EftExternal\CheatSDK\CheatSDK.cpp(3500,40): warning C4244: “参数”: 从“float”转换到“int”，可能丢失数据
C:\Users\Administrator\Desktop\EFT-External-main\EFT-External-main\EftExternal\CheatSDK\CheatSDK.cpp(3504,64): warning C4244: “参数”: 从“float”转换到“int”，可能丢失数据
C:\Users\Administrator\Desktop\EFT-External-main\EFT-External-main\EftExternal\CheatSDK\CheatSDK.cpp(3504,40): warning C4244: “参数”: 从“float”转换到“int”，可能丢失数据
C:\Users\Administrator\Desktop\EFT-External-main\EFT-External-main\EftExternal\CheatSDK\CheatSDK.cpp(3508,64): warning C4244: “参数”: 从“float”转换到“int”，可能丢失数据
C:\Users\Administrator\Desktop\EFT-External-main\EFT-External-main\EftExternal\CheatSDK\CheatSDK.cpp(3508,40): warning C4244: “参数”: 从“float”转换到“int”，可能丢失数据
C:\Users\Administrator\Desktop\EFT-External-main\EFT-External-main\EftExternal\CheatSDK\CheatSDK.cpp(3512,64): warning C4244: “参数”: 从“float”转换到“int”，可能丢失数据
C:\Users\Administrator\Desktop\EFT-External-main\EFT-External-main\EftExternal\CheatSDK\CheatSDK.cpp(3512,40): warning C4244: “参数”: 从“float”转换到“int”，可能丢失数据
C:\Users\Administrator\Desktop\EFT-External-main\EFT-External-main\EftExternal\CheatSDK\CheatSDK.cpp(3516,64): warning C4244: “参数”: 从“float”转换到“int”，可能丢失数据
C:\Users\Administrator\Desktop\EFT-External-main\EFT-External-main\EftExternal\CheatSDK\CheatSDK.cpp(3516,40): warning C4244: “参数”: 从“float”转换到“int”，可能丢失数据
C:\Users\Administrator\Desktop\EFT-External-main\EFT-External-main\EftExternal\CheatSDK\CheatSDK.cpp(3520,64): warning C4244: “参数”: 从“float”转换到“int”，可能丢失数据
C:\Users\Administrator\Desktop\EFT-External-main\EFT-External-main\EftExternal\CheatSDK\CheatSDK.cpp(3520,40): warning C4244: “参数”: 从“float”转换到“int”，可能丢失数据
C:\Users\Administrator\Desktop\EFT-External-main\EFT-External-main\EftExternal\CheatSDK\CheatSDK.cpp(3524,64): warning C4244: “参数”: 从“float”转换到“int”，可能丢失数据
C:\Users\Administrator\Desktop\EFT-External-main\EFT-External-main\EftExternal\CheatSDK\CheatSDK.cpp(3524,40): warning C4244: “参数”: 从“float”转换到“int”，可能丢失数据
C:\Users\Administrator\Desktop\EFT-External-main\EFT-External-main\EftExternal\CheatSDK\CheatSDK.cpp(3529,64): warning C4244: “参数”: 从“float”转换到“int”，可能丢失数据
C:\Users\Administrator\Desktop\EFT-External-main\EFT-External-main\EftExternal\CheatSDK\CheatSDK.cpp(3529,40): warning C4244: “参数”: 从“float”转换到“int”，可能丢失数据
C:\Users\Administrator\Desktop\EFT-External-main\EFT-External-main\EftExternal\CheatSDK\CheatSDK.cpp(3533,64): warning C4244: “参数”: 从“float”转换到“int”，可能丢失数据
C:\Users\Administrator\Desktop\EFT-External-main\EFT-External-main\EftExternal\CheatSDK\CheatSDK.cpp(3533,40): warning C4244: “参数”: 从“float”转换到“int”，可能丢失数据
C:\Users\Administrator\Desktop\EFT-External-main\EFT-External-main\EftExternal\CheatSDK\CheatSDK.cpp(3537,64): warning C4244: “参数”: 从“float”转换到“int”，可能丢失数据
C:\Users\Administrator\Desktop\EFT-External-main\EFT-External-main\EftExternal\CheatSDK\CheatSDK.cpp(3537,40): warning C4244: “参数”: 从“float”转换到“int”，可能丢失数据
C:\Users\Administrator\Desktop\EFT-External-main\EFT-External-main\EftExternal\CheatSDK\CheatSDK.cpp(3541,64): warning C4244: “参数”: 从“float”转换到“int”，可能丢失数据
C:\Users\Administrator\Desktop\EFT-External-main\EFT-External-main\EftExternal\CheatSDK\CheatSDK.cpp(3541,40): warning C4244: “参数”: 从“float”转换到“int”，可能丢失数据
C:\Users\Administrator\Desktop\EFT-External-main\EFT-External-main\EftExternal\CheatSDK\CheatSDK.cpp(3545,64): warning C4244: “参数”: 从“float”转换到“int”，可能丢失数据
C:\Users\Administrator\Desktop\EFT-External-main\EFT-External-main\EftExternal\CheatSDK\CheatSDK.cpp(3545,40): warning C4244: “参数”: 从“float”转换到“int”，可能丢失数据
C:\Users\Administrator\Desktop\EFT-External-main\EFT-External-main\EftExternal\CheatSDK\CheatSDK.cpp(3550,64): warning C4244: “参数”: 从“float”转换到“int”，可能丢失数据
C:\Users\Administrator\Desktop\EFT-External-main\EFT-External-main\EftExternal\CheatSDK\CheatSDK.cpp(3550,40): warning C4244: “参数”: 从“float”转换到“int”，可能丢失数据
C:\Users\Administrator\Desktop\EFT-External-main\EFT-External-main\EftExternal\CheatSDK\CheatSDK.cpp(3555,64): warning C4244: “参数”: 从“float”转换到“int”，可能丢失数据
C:\Users\Administrator\Desktop\EFT-External-main\EFT-External-main\EftExternal\CheatSDK\CheatSDK.cpp(3555,40): warning C4244: “参数”: 从“float”转换到“int”，可能丢失数据
C:\Users\Administrator\Desktop\EFT-External-main\EFT-External-main\EftExternal\CheatSDK\CheatSDK.cpp(3560,64): warning C4244: “参数”: 从“float”转换到“int”，可能丢失数据
C:\Users\Administrator\Desktop\EFT-External-main\EFT-External-main\EftExternal\CheatSDK\CheatSDK.cpp(3560,40): warning C4244: “参数”: 从“float”转换到“int”，可能丢失数据
C:\Users\Administrator\Desktop\EFT-External-main\EFT-External-main\EftExternal\CheatSDK\CheatSDK.cpp(3565,64): warning C4244: “参数”: 从“float”转换到“int”，可能丢失数据
C:\Users\Administrator\Desktop\EFT-External-main\EFT-External-main\EftExternal\CheatSDK\CheatSDK.cpp(3565,40): warning C4244: “参数”: 从“float”转换到“int”，可能丢失数据
C:\Users\Administrator\Desktop\EFT-External-main\EFT-External-main\EftExternal\CheatSDK\CheatSDK.cpp(3569,64): warning C4244: “参数”: 从“float”转换到“int”，可能丢失数据
C:\Users\Administrator\Desktop\EFT-External-main\EFT-External-main\EftExternal\CheatSDK\CheatSDK.cpp(3569,40): warning C4244: “参数”: 从“float”转换到“int”，可能丢失数据
C:\Users\Administrator\Desktop\EFT-External-main\EFT-External-main\EftExternal\CheatSDK\CheatSDK.cpp(3594,58): warning C4244: “参数”: 从“float”转换到“int”，可能丢失数据
C:\Users\Administrator\Desktop\EFT-External-main\EFT-External-main\EftExternal\CheatSDK\CheatSDK.cpp(3594,37): warning C4244: “参数”: 从“float”转换到“int”，可能丢失数据
  DriverControl.cpp
  Overlay.cpp
C:\Users\Administrator\Desktop\EFT-External-main\EFT-External-main\EftExternal\Overlay\Overlay.cpp(29,11): warning C4244: “初始化”: 从“float”转换到“int”，可能丢失数据
C:\Users\Administrator\Desktop\EFT-External-main\EFT-External-main\EftExternal\Overlay\Overlay.cpp(30,19): warning C4244: “参数”: 从“int”转换到“float”，可能丢失数据
C:\Users\Administrator\Desktop\EFT-External-main\EFT-External-main\EftExternal\Overlay\Overlay.cpp(30,16): warning C4244: “参数”: 从“int”转换到“float”，可能丢失数据
C:\Users\Administrator\Desktop\EFT-External-main\EFT-External-main\EftExternal\Overlay\Overlay.cpp(30,13): warning C4244: “参数”: 从“int”转换到“float”，可能丢失数据
C:\Users\Administrator\Desktop\EFT-External-main\EFT-External-main\EftExternal\Overlay\Overlay.cpp(30,10): warning C4244: “参数”: 从“int”转换到“float”，可能丢失数据
C:\Users\Administrator\Desktop\EFT-External-main\EFT-External-main\EftExternal\Overlay\Overlay.cpp(31,33): warning C4244: “参数”: 从“int”转换到“float”，可能丢失数据
C:\Users\Administrator\Desktop\EFT-External-main\EFT-External-main\EftExternal\Overlay\Overlay.cpp(31,26): warning C4244: “参数”: 从“int”转换到“float”，可能丢失数据
C:\Users\Administrator\Desktop\EFT-External-main\EFT-External-main\EftExternal\Overlay\Overlay.cpp(31,19): warning C4244: “参数”: 从“int”转换到“float”，可能丢失数据
C:\Users\Administrator\Desktop\EFT-External-main\EFT-External-main\EftExternal\Overlay\Overlay.cpp(31,12): warning C4244: “参数”: 从“int”转换到“float”，可能丢失数据
C:\Users\Administrator\Desktop\EFT-External-main\EFT-External-main\EftExternal\Overlay\Overlay.cpp(34,37): warning C4244: “参数”: 从“int”转换到“float”，可能丢失数据
C:\Users\Administrator\Desktop\EFT-External-main\EFT-External-main\EftExternal\Overlay\Overlay.cpp(34,30): warning C4244: “参数”: 从“int”转换到“float”，可能丢失数据
C:\Users\Administrator\Desktop\EFT-External-main\EFT-External-main\EftExternal\Overlay\Overlay.cpp(34,20): warning C4244: “参数”: 从“int”转换到“float”，可能丢失数据
C:\Users\Administrator\Desktop\EFT-External-main\EFT-External-main\EftExternal\Overlay\Overlay.cpp(34,13): warning C4244: “参数”: 从“int”转换到“float”，可能丢失数据
C:\Users\Administrator\Desktop\EFT-External-main\EFT-External-main\EftExternal\Overlay\Overlay.cpp(36,33): warning C4244: “参数”: 从“int”转换到“float”，可能丢失数据
C:\Users\Administrator\Desktop\EFT-External-main\EFT-External-main\EftExternal\Overlay\Overlay.cpp(36,25): warning C4244: “参数”: 从“int”转换到“float”，可能丢失数据
C:\Users\Administrator\Desktop\EFT-External-main\EFT-External-main\EftExternal\Overlay\Overlay.cpp(36,20): warning C4244: “参数”: 从“int”转换到“float”，可能丢失数据
C:\Users\Administrator\Desktop\EFT-External-main\EFT-External-main\EftExternal\Overlay\Overlay.cpp(36,13): warning C4244: “参数”: 从“int”转换到“float”，可能丢失数据
C:\Users\Administrator\Desktop\EFT-External-main\EFT-External-main\EftExternal\Overlay\Overlay.cpp(48,11): warning C4244: “初始化”: 从“float”转换到“int”，可能丢失数据
C:\Users\Administrator\Desktop\EFT-External-main\EFT-External-main\EftExternal\Overlay\Overlay.cpp(50,19): warning C4244: “参数”: 从“int”转换到“float”，可能丢失数据
C:\Users\Administrator\Desktop\EFT-External-main\EFT-External-main\EftExternal\Overlay\Overlay.cpp(50,16): warning C4244: “参数”: 从“int”转换到“float”，可能丢失数据
C:\Users\Administrator\Desktop\EFT-External-main\EFT-External-main\EftExternal\Overlay\Overlay.cpp(50,13): warning C4244: “参数”: 从“int”转换到“float”，可能丢失数据
C:\Users\Administrator\Desktop\EFT-External-main\EFT-External-main\EftExternal\Overlay\Overlay.cpp(50,10): warning C4244: “参数”: 从“int”转换到“float”，可能丢失数据
C:\Users\Administrator\Desktop\EFT-External-main\EFT-External-main\EftExternal\Overlay\Overlay.cpp(51,33): warning C4244: “参数”: 从“int”转换到“float”，可能丢失数据
C:\Users\Administrator\Desktop\EFT-External-main\EFT-External-main\EftExternal\Overlay\Overlay.cpp(51,26): warning C4244: “参数”: 从“int”转换到“float”，可能丢失数据
C:\Users\Administrator\Desktop\EFT-External-main\EFT-External-main\EftExternal\Overlay\Overlay.cpp(51,19): warning C4244: “参数”: 从“int”转换到“float”，可能丢失数据
C:\Users\Administrator\Desktop\EFT-External-main\EFT-External-main\EftExternal\Overlay\Overlay.cpp(51,12): warning C4244: “参数”: 从“int”转换到“float”，可能丢失数据
C:\Users\Administrator\Desktop\EFT-External-main\EFT-External-main\EftExternal\Overlay\Overlay.cpp(54,48): warning C4244: “参数”: 从“int”转换到“float”，可能丢失数据
C:\Users\Administrator\Desktop\EFT-External-main\EFT-External-main\EftExternal\Overlay\Overlay.cpp(54,38): warning C4244: “参数”: 从“int”转换到“float”，可能丢失数据
C:\Users\Administrator\Desktop\EFT-External-main\EFT-External-main\EftExternal\Overlay\Overlay.cpp(54,28): warning C4244: “参数”: 从“int”转换到“float”，可能丢失数据
C:\Users\Administrator\Desktop\EFT-External-main\EFT-External-main\EftExternal\Overlay\Overlay.cpp(54,13): warning C4244: “参数”: 从“int”转换到“float”，可能丢失数据
C:\Users\Administrator\Desktop\EFT-External-main\EFT-External-main\EftExternal\Overlay\Overlay.cpp(56,43): warning C4244: “参数”: 从“int”转换到“float”，可能丢失数据
C:\Users\Administrator\Desktop\EFT-External-main\EFT-External-main\EftExternal\Overlay\Overlay.cpp(56,38): warning C4244: “参数”: 从“int”转换到“float”，可能丢失数据
C:\Users\Administrator\Desktop\EFT-External-main\EFT-External-main\EftExternal\Overlay\Overlay.cpp(56,28): warning C4244: “参数”: 从“int”转换到“float”，可能丢失数据
C:\Users\Administrator\Desktop\EFT-External-main\EFT-External-main\EftExternal\Overlay\Overlay.cpp(56,13): warning C4244: “参数”: 从“int”转换到“float”，可能丢失数据
C:\Users\Administrator\Desktop\EFT-External-main\EFT-External-main\EftExternal\Overlay\Overlay.cpp(61,19): warning C4244: “参数”: 从“int”转换到“float”，可能丢失数据
C:\Users\Administrator\Desktop\EFT-External-main\EFT-External-main\EftExternal\Overlay\Overlay.cpp(61,16): warning C4244: “参数”: 从“int”转换到“float”，可能丢失数据
C:\Users\Administrator\Desktop\EFT-External-main\EFT-External-main\EftExternal\Overlay\Overlay.cpp(61,13): warning C4244: “参数”: 从“int”转换到“float”，可能丢失数据
C:\Users\Administrator\Desktop\EFT-External-main\EFT-External-main\EftExternal\Overlay\Overlay.cpp(61,10): warning C4244: “参数”: 从“int”转换到“float”，可能丢失数据
C:\Users\Administrator\Desktop\EFT-External-main\EFT-External-main\EftExternal\Overlay\Overlay.cpp(62,33): warning C4244: “参数”: 从“int”转换到“float”，可能丢失数据
C:\Users\Administrator\Desktop\EFT-External-main\EFT-External-main\EftExternal\Overlay\Overlay.cpp(62,26): warning C4244: “参数”: 从“int”转换到“float”，可能丢失数据
C:\Users\Administrator\Desktop\EFT-External-main\EFT-External-main\EftExternal\Overlay\Overlay.cpp(62,19): warning C4244: “参数”: 从“int”转换到“float”，可能丢失数据
C:\Users\Administrator\Desktop\EFT-External-main\EFT-External-main\EftExternal\Overlay\Overlay.cpp(62,12): warning C4244: “参数”: 从“int”转换到“float”，可能丢失数据
C:\Users\Administrator\Desktop\EFT-External-main\EFT-External-main\EftExternal\Overlay\Overlay.cpp(63,33): warning C4244: “参数”: 从“int”转换到“float”，可能丢失数据
C:\Users\Administrator\Desktop\EFT-External-main\EFT-External-main\EftExternal\Overlay\Overlay.cpp(63,26): warning C4244: “参数”: 从“int”转换到“float”，可能丢失数据
C:\Users\Administrator\Desktop\EFT-External-main\EFT-External-main\EftExternal\Overlay\Overlay.cpp(63,19): warning C4244: “参数”: 从“int”转换到“float”，可能丢失数据
C:\Users\Administrator\Desktop\EFT-External-main\EFT-External-main\EftExternal\Overlay\Overlay.cpp(63,12): warning C4244: “参数”: 从“int”转换到“float”，可能丢失数据
C:\Users\Administrator\Desktop\EFT-External-main\EFT-External-main\EftExternal\Overlay\Overlay.cpp(73,25): warning C4244: “参数”: 从“int”转换到“float”，可能丢失数据
C:\Users\Administrator\Desktop\EFT-External-main\EFT-External-main\EftExternal\Overlay\Overlay.cpp(73,19): warning C4244: “参数”: 从“int”转换到“float”，可能丢失数据
C:\Users\Administrator\Desktop\EFT-External-main\EFT-External-main\EftExternal\Overlay\Overlay.cpp(73,14): warning C4244: “参数”: 从“int”转换到“float”，可能丢失数据
C:\Users\Administrator\Desktop\EFT-External-main\EFT-External-main\EftExternal\Overlay\Overlay.cpp(73,11): warning C4244: “参数”: 从“int”转换到“float”，可能丢失数据
C:\Users\Administrator\Desktop\EFT-External-main\EFT-External-main\EftExternal\Overlay\Overlay.cpp(74,33): warning C4244: “参数”: 从“int”转换到“float”，可能丢失数据
C:\Users\Administrator\Desktop\EFT-External-main\EFT-External-main\EftExternal\Overlay\Overlay.cpp(74,28): warning C4244: “参数”: 从“int”转换到“float”，可能丢失数据
C:\Users\Administrator\Desktop\EFT-External-main\EFT-External-main\EftExternal\Overlay\Overlay.cpp(74,23): warning C4244: “参数”: 从“int”转换到“float”，可能丢失数据
C:\Users\Administrator\Desktop\EFT-External-main\EFT-External-main\EftExternal\Overlay\Overlay.cpp(74,17): warning C4244: “参数”: 从“int”转换到“float”，可能丢失数据
C:\Users\Administrator\Desktop\EFT-External-main\EFT-External-main\EftExternal\Overlay\Overlay.cpp(75,22): warning C4244: “参数”: 从“int”转换到“float”，可能丢失数据
C:\Users\Administrator\Desktop\EFT-External-main\EFT-External-main\EftExternal\Overlay\Overlay.cpp(75,17): warning C4244: “参数”: 从“int”转换到“float”，可能丢失数据
C:\Users\Administrator\Desktop\EFT-External-main\EFT-External-main\EftExternal\Overlay\Overlay.cpp(75,14): warning C4244: “参数”: 从“int”转换到“float”，可能丢失数据
C:\Users\Administrator\Desktop\EFT-External-main\EFT-External-main\EftExternal\Overlay\Overlay.cpp(75,11): warning C4244: “参数”: 从“int”转换到“float”，可能丢失数据
C:\Users\Administrator\Desktop\EFT-External-main\EFT-External-main\EftExternal\Overlay\Overlay.cpp(76,38): warning C4244: “参数”: 从“int”转换到“float”，可能丢失数据
C:\Users\Administrator\Desktop\EFT-External-main\EFT-External-main\EftExternal\Overlay\Overlay.cpp(76,31): warning C4244: “参数”: 从“int”转换到“float”，可能丢失数据
C:\Users\Administrator\Desktop\EFT-External-main\EFT-External-main\EftExternal\Overlay\Overlay.cpp(76,22): warning C4244: “参数”: 从“int”转换到“float”，可能丢失数据
C:\Users\Administrator\Desktop\EFT-External-main\EFT-External-main\EftExternal\Overlay\Overlay.cpp(76,17): warning C4244: “参数”: 从“int”转换到“float”，可能丢失数据
C:\Users\Administrator\Desktop\EFT-External-main\EFT-External-main\EftExternal\Overlay\Overlay.cpp(78,31): warning C4244: “参数”: 从“int”转换到“float”，可能丢失数据
C:\Users\Administrator\Desktop\EFT-External-main\EFT-External-main\EftExternal\Overlay\Overlay.cpp(78,23): warning C4244: “参数”: 从“int”转换到“float”，可能丢失数据
C:\Users\Administrator\Desktop\EFT-External-main\EFT-External-main\EftExternal\Overlay\Overlay.cpp(78,16): warning C4244: “参数”: 从“int”转换到“float”，可能丢失数据
C:\Users\Administrator\Desktop\EFT-External-main\EFT-External-main\EftExternal\Overlay\Overlay.cpp(78,11): warning C4244: “参数”: 从“int”转换到“float”，可能丢失数据
C:\Users\Administrator\Desktop\EFT-External-main\EFT-External-main\EftExternal\Overlay\Overlay.cpp(79,39): warning C4244: “参数”: 从“int”转换到“float”，可能丢失数据
C:\Users\Administrator\Desktop\EFT-External-main\EFT-External-main\EftExternal\Overlay\Overlay.cpp(79,32): warning C4244: “参数”: 从“int”转换到“float”，可能丢失数据
C:\Users\Administrator\Desktop\EFT-External-main\EFT-External-main\EftExternal\Overlay\Overlay.cpp(79,25): warning C4244: “参数”: 从“int”转换到“float”，可能丢失数据
C:\Users\Administrator\Desktop\EFT-External-main\EFT-External-main\EftExternal\Overlay\Overlay.cpp(79,17): warning C4244: “参数”: 从“int”转换到“float”，可能丢失数据
C:\Users\Administrator\Desktop\EFT-External-main\EFT-External-main\EftExternal\Overlay\Overlay.cpp(80,31): warning C4244: “参数”: 从“int”转换到“float”，可能丢失数据
C:\Users\Administrator\Desktop\EFT-External-main\EFT-External-main\EftExternal\Overlay\Overlay.cpp(80,26): warning C4244: “参数”: 从“int”转换到“float”，可能丢失数据
C:\Users\Administrator\Desktop\EFT-External-main\EFT-External-main\EftExternal\Overlay\Overlay.cpp(80,20): warning C4244: “参数”: 从“int”转换到“float”，可能丢失数据
C:\Users\Administrator\Desktop\EFT-External-main\EFT-External-main\EftExternal\Overlay\Overlay.cpp(80,11): warning C4244: “参数”: 从“int”转换到“float”，可能丢失数据
C:\Users\Administrator\Desktop\EFT-External-main\EFT-External-main\EftExternal\Overlay\Overlay.cpp(81,47): warning C4244: “参数”: 从“int”转换到“float”，可能丢失数据
C:\Users\Administrator\Desktop\EFT-External-main\EFT-External-main\EftExternal\Overlay\Overlay.cpp(81,40): warning C4244: “参数”: 从“int”转换到“float”，可能丢失数据
C:\Users\Administrator\Desktop\EFT-External-main\EFT-External-main\EftExternal\Overlay\Overlay.cpp(81,28): warning C4244: “参数”: 从“int”转换到“float”，可能丢失数据
C:\Users\Administrator\Desktop\EFT-External-main\EFT-External-main\EftExternal\Overlay\Overlay.cpp(81,17): warning C4244: “参数”: 从“int”转换到“float”，可能丢失数据
C:\Users\Administrator\Desktop\EFT-External-main\EFT-External-main\EftExternal\Overlay\Overlay.cpp(95,35): warning C4244: “参数”: 从“int”转换到“float”，可能丢失数据
C:\Users\Administrator\Desktop\EFT-External-main\EFT-External-main\EftExternal\Overlay\Overlay.cpp(95,27): warning C4244: “参数”: 从“int”转换到“float”，可能丢失数据
C:\Users\Administrator\Desktop\EFT-External-main\EFT-External-main\EftExternal\Overlay\Overlay.cpp(95,20): warning C4244: “参数”: 从“int”转换到“float”，可能丢失数据
C:\Users\Administrator\Desktop\EFT-External-main\EFT-External-main\EftExternal\Overlay\Overlay.cpp(95,13): warning C4244: “参数”: 从“int”转换到“float”，可能丢失数据
C:\Users\Administrator\Desktop\EFT-External-main\EFT-External-main\EftExternal\Overlay\Overlay.cpp(96,32): warning C4244: “参数”: 从“int”转换到“float”，可能丢失数据
C:\Users\Administrator\Desktop\EFT-External-main\EFT-External-main\EftExternal\Overlay\Overlay.cpp(96,24): warning C4244: “参数”: 从“int”转换到“float”，可能丢失数据
C:\Users\Administrator\Desktop\EFT-External-main\EFT-External-main\EftExternal\Overlay\Overlay.cpp(96,19): warning C4244: “参数”: 从“int”转换到“float”，可能丢失数据
C:\Users\Administrator\Desktop\EFT-External-main\EFT-External-main\EftExternal\Overlay\Overlay.cpp(96,13): warning C4244: “参数”: 从“int”转换到“float”，可能丢失数据
C:\Users\Administrator\Desktop\EFT-External-main\EFT-External-main\EftExternal\Overlay\Overlay.cpp(97,34): warning C4244: “参数”: 从“int”转换到“float”，可能丢失数据
C:\Users\Administrator\Desktop\EFT-External-main\EFT-External-main\EftExternal\Overlay\Overlay.cpp(97,27): warning C4244: “参数”: 从“int”转换到“float”，可能丢失数据
C:\Users\Administrator\Desktop\EFT-External-main\EFT-External-main\EftExternal\Overlay\Overlay.cpp(97,20): warning C4244: “参数”: 从“int”转换到“float”，可能丢失数据
C:\Users\Administrator\Desktop\EFT-External-main\EFT-External-main\EftExternal\Overlay\Overlay.cpp(97,13): warning C4244: “参数”: 从“int”转换到“float”，可能丢失数据
C:\Users\Administrator\Desktop\EFT-External-main\EFT-External-main\EftExternal\Overlay\Overlay.cpp(98,31): warning C4244: “参数”: 从“int”转换到“float”，可能丢失数据
C:\Users\Administrator\Desktop\EFT-External-main\EFT-External-main\EftExternal\Overlay\Overlay.cpp(98,24): warning C4244: “参数”: 从“int”转换到“float”，可能丢失数据
C:\Users\Administrator\Desktop\EFT-External-main\EFT-External-main\EftExternal\Overlay\Overlay.cpp(98,16): warning C4244: “参数”: 从“int”转换到“float”，可能丢失数据
C:\Users\Administrator\Desktop\EFT-External-main\EFT-External-main\EftExternal\Overlay\Overlay.cpp(98,11): warning C4244: “参数”: 从“int”转换到“float”，可能丢失数据
C:\Users\Administrator\Desktop\EFT-External-main\EFT-External-main\EftExternal\Overlay\Overlay.cpp(101,43): warning C4244: “参数”: 从“int”转换到“float”，可能丢失数据
C:\Users\Administrator\Desktop\EFT-External-main\EFT-External-main\EftExternal\Overlay\Overlay.cpp(101,36): warning C4244: “参数”: 从“int”转换到“float”，可能丢失数据
C:\Users\Administrator\Desktop\EFT-External-main\EFT-External-main\EftExternal\Overlay\Overlay.cpp(101,25): warning C4244: “参数”: 从“int”转换到“float”，可能丢失数据
C:\Users\Administrator\Desktop\EFT-External-main\EFT-External-main\EftExternal\Overlay\Overlay.cpp(101,17): warning C4244: “参数”: 从“int”转换到“float”，可能丢失数据
C:\Users\Administrator\Desktop\EFT-External-main\EFT-External-main\EftExternal\Overlay\Overlay.cpp(102,44): warning C4244: “参数”: 从“int”转换到“float”，可能丢失数据
C:\Users\Administrator\Desktop\EFT-External-main\EFT-External-main\EftExternal\Overlay\Overlay.cpp(102,36): warning C4244: “参数”: 从“int”转换到“float”，可能丢失数据
C:\Users\Administrator\Desktop\EFT-External-main\EFT-External-main\EftExternal\Overlay\Overlay.cpp(102,27): warning C4244: “参数”: 从“int”转换到“float”，可能丢失数据
C:\Users\Administrator\Desktop\EFT-External-main\EFT-External-main\EftExternal\Overlay\Overlay.cpp(102,22): warning C4244: “参数”: 从“int”转换到“float”，可能丢失数据
C:\Users\Administrator\Desktop\EFT-External-main\EFT-External-main\EftExternal\Overlay\Overlay.cpp(103,42): warning C4244: “参数”: 从“int”转换到“float”，可能丢失数据
C:\Users\Administrator\Desktop\EFT-External-main\EFT-External-main\EftExternal\Overlay\Overlay.cpp(103,35): warning C4244: “参数”: 从“int”转换到“float”，可能丢失数据
C:\Users\Administrator\Desktop\EFT-External-main\EFT-External-main\EftExternal\Overlay\Overlay.cpp(103,24): warning C4244: “参数”: 从“int”转换到“float”，可能丢失数据
C:\Users\Administrator\Desktop\EFT-External-main\EFT-External-main\EftExternal\Overlay\Overlay.cpp(103,17): warning C4244: “参数”: 从“int”转换到“float”，可能丢失数据
C:\Users\Administrator\Desktop\EFT-External-main\EFT-External-main\EftExternal\Overlay\Overlay.cpp(104,39): warning C4244: “参数”: 从“int”转换到“float”，可能丢失数据
C:\Users\Administrator\Desktop\EFT-External-main\EFT-External-main\EftExternal\Overlay\Overlay.cpp(104,32): warning C4244: “参数”: 从“int”转换到“float”，可能丢失数据
C:\Users\Administrator\Desktop\EFT-External-main\EFT-External-main\EftExternal\Overlay\Overlay.cpp(104,24): warning C4244: “参数”: 从“int”转换到“float”，可能丢失数据
C:\Users\Administrator\Desktop\EFT-External-main\EFT-External-main\EftExternal\Overlay\Overlay.cpp(104,17): warning C4244: “参数”: 从“int”转换到“float”，可能丢失数据
C:\Users\Administrator\Desktop\EFT-External-main\EFT-External-main\EftExternal\Overlay\Overlay.cpp(107,39): warning C4244: “参数”: 从“int”转换到“float”，可能丢失数据
C:\Users\Administrator\Desktop\EFT-External-main\EFT-External-main\EftExternal\Overlay\Overlay.cpp(107,32): warning C4244: “参数”: 从“int”转换到“float”，可能丢失数据
C:\Users\Administrator\Desktop\EFT-External-main\EFT-External-main\EftExternal\Overlay\Overlay.cpp(107,24): warning C4244: “参数”: 从“int”转换到“float”，可能丢失数据
C:\Users\Administrator\Desktop\EFT-External-main\EFT-External-main\EftExternal\Overlay\Overlay.cpp(107,13): warning C4244: “参数”: 从“int”转换到“float”，可能丢失数据
C:\Users\Administrator\Desktop\EFT-External-main\EFT-External-main\EftExternal\Overlay\Overlay.cpp(108,48): warning C4244: “参数”: 从“int”转换到“float”，可能丢失数据
C:\Users\Administrator\Desktop\EFT-External-main\EFT-External-main\EftExternal\Overlay\Overlay.cpp(108,32): warning C4244: “参数”: 从“int”转换到“float”，可能丢失数据
C:\Users\Administrator\Desktop\EFT-External-main\EFT-External-main\EftExternal\Overlay\Overlay.cpp(108,25): warning C4244: “参数”: 从“int”转换到“float”，可能丢失数据
C:\Users\Administrator\Desktop\EFT-External-main\EFT-External-main\EftExternal\Overlay\Overlay.cpp(108,11): warning C4244: “参数”: 从“int”转换到“float”，可能丢失数据
C:\Users\Administrator\Desktop\EFT-External-main\EFT-External-main\EftExternal\Overlay\Overlay.cpp(109,43): warning C4244: “参数”: 从“int”转换到“float”，可能丢失数据
C:\Users\Administrator\Desktop\EFT-External-main\EFT-External-main\EftExternal\Overlay\Overlay.cpp(109,31): warning C4244: “参数”: 从“int”转换到“float”，可能丢失数据
C:\Users\Administrator\Desktop\EFT-External-main\EFT-External-main\EftExternal\Overlay\Overlay.cpp(109,24): warning C4244: “参数”: 从“int”转换到“float”，可能丢失数据
C:\Users\Administrator\Desktop\EFT-External-main\EFT-External-main\EftExternal\Overlay\Overlay.cpp(109,13): warning C4244: “参数”: 从“int”转换到“float”，可能丢失数据
C:\Users\Administrator\Desktop\EFT-External-main\EFT-External-main\EftExternal\Overlay\Overlay.cpp(110,44): warning C4244: “参数”: 从“int”转换到“float”，可能丢失数据
C:\Users\Administrator\Desktop\EFT-External-main\EFT-External-main\EftExternal\Overlay\Overlay.cpp(110,32): warning C4244: “参数”: 从“int”转换到“float”，可能丢失数据
C:\Users\Administrator\Desktop\EFT-External-main\EFT-External-main\EftExternal\Overlay\Overlay.cpp(110,25): warning C4244: “参数”: 从“int”转换到“float”，可能丢失数据
C:\Users\Administrator\Desktop\EFT-External-main\EFT-External-main\EftExternal\Overlay\Overlay.cpp(110,13): warning C4244: “参数”: 从“int”转换到“float”，可能丢失数据
C:\Users\Administrator\Desktop\EFT-External-main\EFT-External-main\EftExternal\Overlay\Overlay.cpp(113,51): warning C4244: “参数”: 从“int”转换到“float”，可能丢失数据
C:\Users\Administrator\Desktop\EFT-External-main\EFT-External-main\EftExternal\Overlay\Overlay.cpp(113,40): warning C4244: “参数”: 从“int”转换到“float”，可能丢失数据
C:\Users\Administrator\Desktop\EFT-External-main\EFT-External-main\EftExternal\Overlay\Overlay.cpp(113,29): warning C4244: “参数”: 从“int”转换到“float”，可能丢失数据
C:\Users\Administrator\Desktop\EFT-External-main\EFT-External-main\EftExternal\Overlay\Overlay.cpp(113,17): warning C4244: “参数”: 从“int”转换到“float”，可能丢失数据
C:\Users\Administrator\Desktop\EFT-External-main\EFT-External-main\EftExternal\Overlay\Overlay.cpp(114,56): warning C4244: “参数”: 从“int”转换到“float”，可能丢失数据
C:\Users\Administrator\Desktop\EFT-External-main\EFT-External-main\EftExternal\Overlay\Overlay.cpp(114,44): warning C4244: “参数”: 从“int”转换到“float”，可能丢失数据
C:\Users\Administrator\Desktop\EFT-External-main\EFT-External-main\EftExternal\Overlay\Overlay.cpp(114,33): warning C4244: “参数”: 从“int”转换到“float”，可能丢失数据
C:\Users\Administrator\Desktop\EFT-External-main\EFT-External-main\EftExternal\Overlay\Overlay.cpp(114,22): warning C4244: “参数”: 从“int”转换到“float”，可能丢失数据
C:\Users\Administrator\Desktop\EFT-External-main\EFT-External-main\EftExternal\Overlay\Overlay.cpp(115,47): warning C4244: “参数”: 从“int”转换到“float”，可能丢失数据
C:\Users\Administrator\Desktop\EFT-External-main\EFT-External-main\EftExternal\Overlay\Overlay.cpp(115,40): warning C4244: “参数”: 从“int”转换到“float”，可能丢失数据
C:\Users\Administrator\Desktop\EFT-External-main\EFT-External-main\EftExternal\Overlay\Overlay.cpp(115,28): warning C4244: “参数”: 从“int”转换到“float”，可能丢失数据
C:\Users\Administrator\Desktop\EFT-External-main\EFT-External-main\EftExternal\Overlay\Overlay.cpp(115,17): warning C4244: “参数”: 从“int”转换到“float”，可能丢失数据
C:\Users\Administrator\Desktop\EFT-External-main\EFT-External-main\EftExternal\Overlay\Overlay.cpp(116,56): warning C4244: “参数”: 从“int”转换到“float”，可能丢失数据
C:\Users\Administrator\Desktop\EFT-External-main\EFT-External-main\EftExternal\Overlay\Overlay.cpp(116,40): warning C4244: “参数”: 从“int”转换到“float”，可能丢失数据
C:\Users\Administrator\Desktop\EFT-External-main\EFT-External-main\EftExternal\Overlay\Overlay.cpp(116,33): warning C4244: “参数”: 从“int”转换到“float”，可能丢失数据
C:\Users\Administrator\Desktop\EFT-External-main\EFT-External-main\EftExternal\Overlay\Overlay.cpp(116,17): warning C4244: “参数”: 从“int”转换到“float”，可能丢失数据
C:\Users\Administrator\Desktop\EFT-External-main\EFT-External-main\EftExternal\Overlay\Overlay.cpp(123,19): warning C4244: “参数”: 从“int”转换到“float”，可能丢失数据
C:\Users\Administrator\Desktop\EFT-External-main\EFT-External-main\EftExternal\Overlay\Overlay.cpp(123,16): warning C4244: “参数”: 从“int”转换到“float”，可能丢失数据
C:\Users\Administrator\Desktop\EFT-External-main\EFT-External-main\EftExternal\Overlay\Overlay.cpp(123,13): warning C4244: “参数”: 从“int”转换到“float”，可能丢失数据
C:\Users\Administrator\Desktop\EFT-External-main\EFT-External-main\EftExternal\Overlay\Overlay.cpp(123,10): warning C4244: “参数”: 从“int”转换到“float”，可能丢失数据
C:\Users\Administrator\Desktop\EFT-External-main\EFT-External-main\EftExternal\Overlay\Overlay.cpp(124,33): warning C4244: “参数”: 从“int”转换到“float”，可能丢失数据
C:\Users\Administrator\Desktop\EFT-External-main\EFT-External-main\EftExternal\Overlay\Overlay.cpp(124,26): warning C4244: “参数”: 从“int”转换到“float”，可能丢失数据
C:\Users\Administrator\Desktop\EFT-External-main\EFT-External-main\EftExternal\Overlay\Overlay.cpp(124,19): warning C4244: “参数”: 从“int”转换到“float”，可能丢失数据
C:\Users\Administrator\Desktop\EFT-External-main\EFT-External-main\EftExternal\Overlay\Overlay.cpp(124,12): warning C4244: “参数”: 从“int”转换到“float”，可能丢失数据
C:\Users\Administrator\Desktop\EFT-External-main\EFT-External-main\EftExternal\Overlay\Overlay.cpp(161,25): warning C4244: “初始化”: 从“float”转换到“int”，可能丢失数据
C:\Users\Administrator\Desktop\EFT-External-main\EFT-External-main\EftExternal\Overlay\Overlay.cpp(161,23): warning C4244: “初始化”: 从“float”转换到“const int”，可能丢失数据
  intel_driver.cpp
C:\Users\Administrator\Desktop\EFT-External-main\EFT-External-main\EftExternal\shitmapper\intel_driver.hpp(1,1): warning C4819: 该文件包含不能在当前代码页(936)中表示的字符。请将该文件保存为 Unicode 格式以防止数据丢失
C:\Users\Administrator\Desktop\EFT-External-main\EFT-External-main\EftExternal\shitmapper\intel_driver.hpp(85,1): warning C4267: “参数”: 从“size_t”转换到“DWORD”，可能丢失数据
C:\Users\Administrator\Desktop\EFT-External-main\EFT-External-main\EftExternal\shitmapper\intel_driver.cpp(189): message : 查看对正在编译的函数 模板 实例化“bool intel_driver::CallKernelFunction<uint64_t,nt::POOL_TYPE,uint64_t>(HANDLE,T *,uint64_t,const nt::POOL_TYPE,const uint64_t)”的引用
          with
          [
              T=uint64_t
          ]
  mapper.cpp
C:\Users\Administrator\Desktop\EFT-External-main\EFT-External-main\EftExternal\shitmapper\intel_driver.hpp(1,1): warning C4819: 该文件包含不能在当前代码页(936)中表示的字符。请将该文件保存为 Unicode 格式以防止数据丢失
C:\Users\Administrator\Desktop\EFT-External-main\EFT-External-main\EftExternal\shitmapper\intel_driver.hpp(85,1): warning C4267: “参数”: 从“size_t”转换到“DWORD”，可能丢失数据
C:\Users\Administrator\Desktop\EFT-External-main\EFT-External-main\EftExternal\shitmapper\mapper.cpp(61): message : 查看对正在编译的函数 模板 实例化“bool intel_driver::CallKernelFunction<NTSTATUS,uint64_t>(HANDLE,T *,uint64_t,const uint64_t)”的引用
          with
          [
              T=NTSTATUS
          ]
  portable_executable.cpp
  service.cpp
C:\Users\Administrator\Desktop\EFT-External-main\EFT-External-main\EftExternal\shitmapper\intel_driver.hpp(1,1): warning C4819: 该文件包含不能在当前代码页(936)中表示的字符。请将该文件保存为 Unicode 格式以防止数据丢失
  utils.cpp
  Source.cpp
C:\Users\Administrator\Desktop\EFT-External-main\EFT-External-main\EftExternal\shitmapper\intel_driver.hpp(1,1): warning C4819: 该文件包含不能在当前代码页(936)中表示的字符。请将该文件保存为 Unicode 格式以防止数据丢失
C:\Users\Administrator\Desktop\EFT-External-main\EFT-External-main\EftExternal\Menu.h(59): warning C4091: “static ”: 没有声明变量时忽略“c_menu_framework::menu_item_t”的左侧
C:\Users\Administrator\Desktop\EFT-External-main\EFT-External-main\EftExternal\Menu.h(179,63): warning C4244: “参数”: 从“unsigned __int64”转换到“float”，可能丢失数据
C:\Users\Administrator\Desktop\EFT-External-main\EFT-External-main\EftExternal\Menu.h(180,63): warning C4244: “参数”: 从“unsigned __int64”转换到“float”，可能丢失数据
C:\Users\Administrator\Desktop\EFT-External-main\EFT-External-main\EftExternal\Menu.h(182,78): warning C4244: “参数”: 从“int”转换到“float”，可能丢失数据
C:\Users\Administrator\Desktop\EFT-External-main\EFT-External-main\EftExternal\Menu.h(183,78): warning C4244: “参数”: 从“int”转换到“float”，可能丢失数据
C:\Users\Administrator\Desktop\EFT-External-main\EFT-External-main\EftExternal\Menu.h(188,1): warning C4267: “=”: 从“size_t”转换到“int”，可能丢失数据
C:\Users\Administrator\Desktop\EFT-External-main\EFT-External-main\EftExternal\Menu.h(233,1): warning C4267: “=”: 从“size_t”转换到“int”，可能丢失数据
C:\Users\Administrator\Desktop\EFT-External-main\EFT-External-main\EftExternal\Menu.h(245,8): warning C4804: “-=”: 在操作中使用类型“bool”不安全
C:\Users\Administrator\Desktop\EFT-External-main\EFT-External-main\EftExternal\Menu.h(246,12): warning C4804: “<”: 在操作中使用类型“bool”不安全
C:\Users\Administrator\Desktop\EFT-External-main\EFT-External-main\EftExternal\Menu.h(273,8): warning C4804: “+=”: 在操作中使用类型“bool”不安全
C:\Users\Administrator\Desktop\EFT-External-main\EFT-External-main\EftExternal\Menu.h(274,12): warning C4804: “>”: 在操作中使用类型“bool”不安全
C:\Users\Administrator\Desktop\EFT-External-main\EFT-External-main\EftExternal\Menu.h(89,23): warning C4244: “=”: 从“t”转换到“int”，可能丢失数据
          with
          [
              t=float
          ]
C:\Users\Administrator\Desktop\EFT-External-main\EFT-External-main\EftExternal\Menu.h(115): message : 查看对正在编译的函数 模板 实例化“void c_menu_framework::add_entry<float>(std::string,t *,t,t,t)”的引用
          with
          [
              t=float
          ]
C:\Users\Administrator\Desktop\EFT-External-main\EFT-External-main\EftExternal\Menu.h(90,23): warning C4244: “=”: 从“t”转换到“int”，可能丢失数据
          with
          [
              t=float
          ]
C:\Users\Administrator\Desktop\EFT-External-main\EFT-External-main\EftExternal\Menu.h(91,24): warning C4244: “=”: 从“t”转换到“int”，可能丢失数据
          with
          [
              t=float
          ]
  Utils.cpp
  正在生成代码...
x64\Debug\Utils.obj : warning LNK4042: 对象被多次指定；已忽略多余的指定
  D2DOverlay.lib(Source.obj) : 找到 MSIL .netmodule 或使用 /GL 编译的模块；正在使用 /LTCG 重新启动链接；将 /LTCG 添加到链接命令行以改进链接器性能
LINK : warning LNK4075: 忽略“/INCREMENTAL”(由于“/LTCG”规范)
x64\Debug\Utils.obj : warning LNK4042: 对象被多次指定；已忽略多余的指定
  正在生成代码
  已完成代码的生成
D2DOverlay.lib(Source.obj) : warning LNK4099: 未找到 PDB“D2DOverlay.pdb”(使用“D2DOverlay.lib(Source.obj)”或在“C:\Users\Administrator\Desktop\EFT-External-main\EFT-External-main\EftExternal\x64\Debug\D2DOverlay.pdb”中寻找)；正在链接对象，如同没有调试信息一样
  EftExternal.vcxproj -> C:\Users\Administrator\Desktop\EFT-External-main\EFT-External-main\EftExternal\x64\Debug\EftExternal.exe
